<?xml version="1.0" encoding="UTF-8"?>
<!-- Generated by org.testng.reporters.JUnitXMLReporter -->
<testsuite hostname="Josephs-MacBoo.local" ignored="0" name="Default test" tests="18" failures="0" timestamp="2021-11-10T23:12:12 WAT" time="23.195" errors="0">
  <testcase name="@BeforeMethod setUp" time="23.025" classname="com.fbistech.testcases.Privacy_PolicyPageTest">
    <failure type="org.openqa.selenium.TimeoutException" message="timeout: Timed out receiving message from renderer: 19.225
  (Session info: chrome=95.0.4638.69)
Build info: version: &amp;apos;3.141.59&amp;apos;, revision: &amp;apos;e82be7d358&amp;apos;, time: &amp;apos;2018-11-14T08:17:03&amp;apos;
System info: host: &amp;apos;Josephs-MacBoo.local&amp;apos;, ip: &amp;apos;fd00:0:0:1:4cf6:acba:2ba2:e187%en0&amp;apos;, os.name: &amp;apos;Mac OS X&amp;apos;, os.arch: &amp;apos;x86_64&amp;apos;, os.version: &amp;apos;10.15.7&amp;apos;, java.version: &amp;apos;1.8.0_241&amp;apos;
Driver info: org.openqa.selenium.chrome.ChromeDriver
Capabilities {acceptInsecureCerts: false, browserName: chrome, browserVersion: 95.0.4638.69, chrome: {chromedriverVersion: 95.0.4638.69 (6a1600ed572fe..., userDataDir: /var/folders/j4/j04gn4bj1dl...}, goog:chromeOptions: {debuggerAddress: localhost:55070}, javascriptEnabled: true, networkConnectionEnabled: false, pageLoadStrategy: normal, platform: MAC, platformName: MAC, proxy: Proxy(), setWindowRect: true, strictFileInteractability: false, timeouts: {implicit: 0, pageLoad: 300000, script: 30000}, unhandledPromptBehavior: dismiss and notify, webauthn:extension:credBlob: true, webauthn:extension:largeBlob: true, webauthn:virtualAuthenticators: true}
Session ID: 023f929c5c52a6cacb2b364117fad932">
      <![CDATA[org.openqa.selenium.TimeoutException: timeout: Timed out receiving message from renderer: 19.225
  (Session info: chrome=95.0.4638.69)
Build info: version: '3.141.59', revision: 'e82be7d358', time: '2018-11-14T08:17:03'
System info: host: 'Josephs-MacBoo.local', ip: 'fd00:0:0:1:4cf6:acba:2ba2:e187%en0', os.name: 'Mac OS X', os.arch: 'x86_64', os.version: '10.15.7', java.version: '1.8.0_241'
Driver info: org.openqa.selenium.chrome.ChromeDriver
Capabilities {acceptInsecureCerts: false, browserName: chrome, browserVersion: 95.0.4638.69, chrome: {chromedriverVersion: 95.0.4638.69 (6a1600ed572fe..., userDataDir: /var/folders/j4/j04gn4bj1dl...}, goog:chromeOptions: {debuggerAddress: localhost:55070}, javascriptEnabled: true, networkConnectionEnabled: false, pageLoadStrategy: normal, platform: MAC, platformName: MAC, proxy: Proxy(), setWindowRect: true, strictFileInteractability: false, timeouts: {implicit: 0, pageLoad: 300000, script: 30000}, unhandledPromptBehavior: dismiss and notify, webauthn:extension:credBlob: true, webauthn:extension:largeBlob: true, webauthn:virtualAuthenticators: true}
Session ID: 023f929c5c52a6cacb2b364117fad932
at sun.reflect.NativeConstructorAccessorImpl.newInstance0(Native Method)
at sun.reflect.NativeConstructorAccessorImpl.newInstance(NativeConstructorAccessorImpl.java:62)
at sun.reflect.DelegatingConstructorAccessorImpl.newInstance(DelegatingConstructorAccessorImpl.java:45)
at java.lang.reflect.Constructor.newInstance(Constructor.java:423)
at org.openqa.selenium.remote.http.W3CHttpResponseCodec.createException(W3CHttpResponseCodec.java:187)
at org.openqa.selenium.remote.http.W3CHttpResponseCodec.decode(W3CHttpResponseCodec.java:122)
at org.openqa.selenium.remote.http.W3CHttpResponseCodec.decode(W3CHttpResponseCodec.java:49)
at org.openqa.selenium.remote.HttpCommandExecutor.execute(HttpCommandExecutor.java:158)
at org.openqa.selenium.remote.service.DriverCommandExecutor.execute(DriverCommandExecutor.java:83)
at org.openqa.selenium.remote.RemoteWebDriver.execute(RemoteWebDriver.java:552)
at org.openqa.selenium.remote.RemoteWebDriver.get(RemoteWebDriver.java:277)
at sun.reflect.NativeMethodAccessorImpl.invoke0(Native Method)
at sun.reflect.NativeMethodAccessorImpl.invoke(NativeMethodAccessorImpl.java:62)
at sun.reflect.DelegatingMethodAccessorImpl.invoke(DelegatingMethodAccessorImpl.java:43)
at java.lang.reflect.Method.invoke(Method.java:498)
at org.openqa.selenium.support.events.EventFiringWebDriver.lambda$new$1(EventFiringWebDriver.java:105)
at com.sun.proxy.$Proxy8.get(Unknown Source)
at org.openqa.selenium.support.events.EventFiringWebDriver.get(EventFiringWebDriver.java:165)
at com.fbistech.base.TestBase.initialization(TestBase.java:115)
at com.fbistech.testcases.Privacy_PolicyPageTest.setUp(Privacy_PolicyPageTest.java:51)
at sun.reflect.NativeMethodAccessorImpl.invoke0(Native Method)
at sun.reflect.NativeMethodAccessorImpl.invoke(NativeMethodAccessorImpl.java:62)
at sun.reflect.DelegatingMethodAccessorImpl.invoke(DelegatingMethodAccessorImpl.java:43)
at java.lang.reflect.Method.invoke(Method.java:498)
at org.testng.internal.MethodInvocationHelper.invokeMethod(MethodInvocationHelper.java:133)
at org.testng.internal.MethodInvocationHelper.invokeMethodConsideringTimeout(MethodInvocationHelper.java:62)
at org.testng.internal.ConfigInvoker.invokeConfigurationMethod(ConfigInvoker.java:385)
at org.testng.internal.ConfigInvoker.invokeConfigurations(ConfigInvoker.java:321)
at org.testng.internal.TestInvoker.runConfigMethods(TestInvoker.java:700)
at org.testng.internal.TestInvoker.invokeMethod(TestInvoker.java:527)
at org.testng.internal.TestInvoker.invokeTestMethod(TestInvoker.java:173)
at org.testng.internal.MethodRunner.runInSequence(MethodRunner.java:46)
at org.testng.internal.TestInvoker$MethodInvocationAgent.invoke(TestInvoker.java:824)
at org.testng.internal.TestInvoker.invokeTestMethods(TestInvoker.java:146)
at org.testng.internal.TestMethodWorker.invokeTestMethods(TestMethodWorker.java:146)
at org.testng.internal.TestMethodWorker.run(TestMethodWorker.java:128)
at java.util.ArrayList.forEach(ArrayList.java:1257)
at org.testng.TestRunner.privateRun(TestRunner.java:794)
at org.testng.TestRunner.run(TestRunner.java:596)
at org.testng.SuiteRunner.runTest(SuiteRunner.java:377)
at org.testng.SuiteRunner.runSequentially(SuiteRunner.java:371)
at org.testng.SuiteRunner.privateRun(SuiteRunner.java:332)
at org.testng.SuiteRunner.run(SuiteRunner.java:276)
at org.testng.SuiteRunnerWorker.runSuite(SuiteRunnerWorker.java:53)
at org.testng.SuiteRunnerWorker.run(SuiteRunnerWorker.java:96)
at org.testng.TestNG.runSuitesSequentially(TestNG.java:1212)
at org.testng.TestNG.runSuitesLocally(TestNG.java:1134)
at org.testng.TestNG.runSuites(TestNG.java:1063)
at org.testng.TestNG.run(TestNG.java:1031)
at org.testng.remote.AbstractRemoteTestNG.run(AbstractRemoteTestNG.java:115)
at org.testng.remote.RemoteTestNG.initAndRun(RemoteTestNG.java:251)
at org.testng.remote.RemoteTestNG.main(RemoteTestNG.java:77)
]]>
    </failure>
  </testcase> <!-- @BeforeMethod setUp -->
  <testcase name="@AfterMethod tearDown" time="-1.636582332334E9" classname="com.fbistech.testcases.Privacy_PolicyPageTest">
    <skipped/>
  </testcase> <!-- @AfterMethod tearDown -->
  <testcase name="@BeforeMethod setUp" time="-1.636582332338E9" classname="com.fbistech.testcases.Privacy_PolicyPageTest">
    <skipped/>
  </testcase> <!-- @BeforeMethod setUp -->
  <testcase name="@AfterMethod tearDown" time="-1.636582332342E9" classname="com.fbistech.testcases.Privacy_PolicyPageTest">
    <skipped/>
  </testcase> <!-- @AfterMethod tearDown -->
  <testcase name="@BeforeMethod setUp" time="-1.636582332343E9" classname="com.fbistech.testcases.Privacy_PolicyPageTest">
    <skipped/>
  </testcase> <!-- @BeforeMethod setUp -->
  <testcase name="@AfterMethod tearDown" time="-1.636582332347E9" classname="com.fbistech.testcases.Privacy_PolicyPageTest">
    <skipped/>
  </testcase> <!-- @AfterMethod tearDown -->
  <testcase name="@BeforeMethod setUp" time="-1.636582332348E9" classname="com.fbistech.testcases.Privacy_PolicyPageTest">
    <skipped/>
  </testcase> <!-- @BeforeMethod setUp -->
  <testcase name="@AfterMethod tearDown" time="-1.636582332352E9" classname="com.fbistech.testcases.Privacy_PolicyPageTest">
    <skipped/>
  </testcase> <!-- @AfterMethod tearDown -->
  <testcase name="@BeforeMethod setUp" time="-1.636582332353E9" classname="com.fbistech.testcases.Privacy_PolicyPageTest">
    <skipped/>
  </testcase> <!-- @BeforeMethod setUp -->
  <testcase name="@AfterMethod tearDown" time="-1.636582332356E9" classname="com.fbistech.testcases.Privacy_PolicyPageTest">
    <skipped/>
  </testcase> <!-- @AfterMethod tearDown -->
  <testcase name="@BeforeMethod setUp" time="-1.636582332357E9" classname="com.fbistech.testcases.Privacy_PolicyPageTest">
    <skipped/>
  </testcase> <!-- @BeforeMethod setUp -->
  <testcase name="@AfterMethod tearDown" time="-1.636582332361E9" classname="com.fbistech.testcases.Privacy_PolicyPageTest">
    <skipped/>
  </testcase> <!-- @AfterMethod tearDown -->
  <testcase name="@BeforeMethod setUp" time="-1.636582332362E9" classname="com.fbistech.testcases.Privacy_PolicyPageTest">
    <skipped/>
  </testcase> <!-- @BeforeMethod setUp -->
  <testcase name="@AfterMethod tearDown" time="-1.636582332366E9" classname="com.fbistech.testcases.Privacy_PolicyPageTest">
    <skipped/>
  </testcase> <!-- @AfterMethod tearDown -->
  <testcase name="@BeforeMethod setUp" time="-1.636582332369E9" classname="com.fbistech.testcases.Privacy_PolicyPageTest">
    <skipped/>
  </testcase> <!-- @BeforeMethod setUp -->
  <testcase name="@AfterMethod tearDown" time="-1.636582332374E9" classname="com.fbistech.testcases.Privacy_PolicyPageTest">
    <skipped/>
  </testcase> <!-- @AfterMethod tearDown -->
  <testcase name="@BeforeMethod setUp" time="-1.636582332375E9" classname="com.fbistech.testcases.Privacy_PolicyPageTest">
    <skipped/>
  </testcase> <!-- @BeforeMethod setUp -->
  <testcase name="@AfterMethod tearDown" time="-1.63658233238E9" classname="com.fbistech.testcases.Privacy_PolicyPageTest">
    <skipped/>
  </testcase> <!-- @AfterMethod tearDown -->
  <testcase name="@BeforeMethod setUp" time="-1.636582332382E9" classname="com.fbistech.testcases.Privacy_PolicyPageTest">
    <skipped/>
  </testcase> <!-- @BeforeMethod setUp -->
  <testcase name="@AfterMethod tearDown" time="-1.636582332388E9" classname="com.fbistech.testcases.Privacy_PolicyPageTest">
    <skipped/>
  </testcase> <!-- @AfterMethod tearDown -->
  <testcase name="@BeforeMethod setUp" time="-1.636582332391E9" classname="com.fbistech.testcases.Privacy_PolicyPageTest">
    <skipped/>
  </testcase> <!-- @BeforeMethod setUp -->
  <testcase name="@AfterMethod tearDown" time="-1.636582332395E9" classname="com.fbistech.testcases.Privacy_PolicyPageTest">
    <skipped/>
  </testcase> <!-- @AfterMethod tearDown -->
  <testcase name="@BeforeMethod setUp" time="-1.636582332396E9" classname="com.fbistech.testcases.Privacy_PolicyPageTest">
    <skipped/>
  </testcase> <!-- @BeforeMethod setUp -->
  <testcase name="@AfterMethod tearDown" time="-1.636582332399E9" classname="com.fbistech.testcases.Privacy_PolicyPageTest">
    <skipped/>
  </testcase> <!-- @AfterMethod tearDown -->
  <testcase name="@BeforeMethod setUp" time="-1.636582332441E9" classname="com.fbistech.testcases.Privacy_PolicyPageTest">
    <skipped/>
  </testcase> <!-- @BeforeMethod setUp -->
  <testcase name="@AfterMethod tearDown" time="-1.636582332444E9" classname="com.fbistech.testcases.Privacy_PolicyPageTest">
    <skipped/>
  </testcase> <!-- @AfterMethod tearDown -->
  <testcase name="@BeforeMethod setUp" time="-1.636582332445E9" classname="com.fbistech.testcases.Privacy_PolicyPageTest">
    <skipped/>
  </testcase> <!-- @BeforeMethod setUp -->
  <testcase name="@AfterMethod tearDown" time="-1.636582332447E9" classname="com.fbistech.testcases.Privacy_PolicyPageTest">
    <skipped/>
  </testcase> <!-- @AfterMethod tearDown -->
  <testcase name="@BeforeMethod setUp" time="-1.636582332448E9" classname="com.fbistech.testcases.Privacy_PolicyPageTest">
    <skipped/>
  </testcase> <!-- @BeforeMethod setUp -->
  <testcase name="@AfterMethod tearDown" time="-1.636582332453E9" classname="com.fbistech.testcases.Privacy_PolicyPageTest">
    <skipped/>
  </testcase> <!-- @AfterMethod tearDown -->
  <testcase name="@BeforeMethod setUp" time="-1.636582332454E9" classname="com.fbistech.testcases.Privacy_PolicyPageTest">
    <skipped/>
  </testcase> <!-- @BeforeMethod setUp -->
  <testcase name="@AfterMethod tearDown" time="-1.636582332457E9" classname="com.fbistech.testcases.Privacy_PolicyPageTest">
    <skipped/>
  </testcase> <!-- @AfterMethod tearDown -->
  <testcase name="@BeforeMethod setUp" time="-1.636582332458E9" classname="com.fbistech.testcases.Privacy_PolicyPageTest">
    <skipped/>
  </testcase> <!-- @BeforeMethod setUp -->
  <testcase name="@AfterMethod tearDown" time="-1.636582332461E9" classname="com.fbistech.testcases.Privacy_PolicyPageTest">
    <skipped/>
  </testcase> <!-- @AfterMethod tearDown -->
  <testcase name="@BeforeMethod setUp" time="-1.636582332462E9" classname="com.fbistech.testcases.Privacy_PolicyPageTest">
    <skipped/>
  </testcase> <!-- @BeforeMethod setUp -->
  <testcase name="@AfterMethod tearDown" time="-1.636582332464E9" classname="com.fbistech.testcases.Privacy_PolicyPageTest">
    <skipped/>
  </testcase> <!-- @AfterMethod tearDown -->
  <testcase name="verifyUserCanNavigateToTermsAndConditionsPage" time="0.0" classname="com.fbistech.testcases.Privacy_PolicyPageTest">
    <skipped/>
  </testcase> <!-- verifyUserCanNavigateToTermsAndConditionsPage -->
  <testcase name="verifyUserCanClickSchools_OrganizationsPageLink" time="0.0" classname="com.fbistech.testcases.Privacy_PolicyPageTest">
    <skipped/>
  </testcase> <!-- verifyUserCanClickSchools_OrganizationsPageLink -->
  <testcase name="verifyUserCanClickOnTeachOnBeamsitykLink" time="0.0" classname="com.fbistech.testcases.Privacy_PolicyPageTest">
    <skipped/>
  </testcase> <!-- verifyUserCanClickOnTeachOnBeamsitykLink -->
  <testcase name="verifyUserCanClickOnContactUsLink" time="0.0" classname="com.fbistech.testcases.Privacy_PolicyPageTest">
    <skipped/>
  </testcase> <!-- verifyUserCanClickOnContactUsLink -->
  <testcase name="verifyUserCanClickOnLoginLink" time="0.0" classname="com.fbistech.testcases.Privacy_PolicyPageTest">
    <skipped/>
  </testcase> <!-- verifyUserCanClickOnLoginLink -->
  <testcase name="verifyUserCanClickOnPartnerWithUsLink" time="0.0" classname="com.fbistech.testcases.Privacy_PolicyPageTest">
    <skipped/>
  </testcase> <!-- verifyUserCanClickOnPartnerWithUsLink -->
  <testcase name="verifyUserCanClickOnAboutUsLink" time="0.0" classname="com.fbistech.testcases.Privacy_PolicyPageTest">
    <skipped/>
  </testcase> <!-- verifyUserCanClickOnAboutUsLink -->
  <testcase name="verifyUserCanClickOnPrivacyPolicyLink" time="0.0" classname="com.fbistech.testcases.Privacy_PolicyPageTest">
    <skipped/>
  </testcase> <!-- verifyUserCanClickOnPrivacyPolicyLink -->
  <testcase name="verifyUserIsRedirectedToGoogleMapNavigation_ClickOnContactAddressLink" time="0.0" classname="com.fbistech.testcases.Privacy_PolicyPageTest">
    <skipped/>
  </testcase> <!-- verifyUserIsRedirectedToGoogleMapNavigation_ClickOnContactAddressLink -->
  <testcase name="verifyUserCanSignUpToMailingList" time="0.0" classname="com.fbistech.testcases.Privacy_PolicyPageTest">
    <skipped/>
  </testcase> <!-- verifyUserCanSignUpToMailingList -->
  <testcase name="verifyUserCannotSignUpToMailingListWithEmail_WithOutEmailDomeNameExtension" time="0.0" classname="com.fbistech.testcases.Privacy_PolicyPageTest">
    <skipped/>
  </testcase> <!-- verifyUserCannotSignUpToMailingListWithEmail_WithOutEmailDomeNameExtension -->
  <testcase name="verifyUserCannotSignUpToMailingListWithEmail_emailWithoutServerHostName" time="0.0" classname="com.fbistech.testcases.Privacy_PolicyPageTest">
    <skipped/>
  </testcase> <!-- verifyUserCannotSignUpToMailingListWithEmail_emailWithoutServerHostName -->
  <testcase name="verifyUserCannotSignUpToMailingListWith_PhoneNumber" time="0.0" classname="com.fbistech.testcases.Privacy_PolicyPageTest">
    <skipped/>
  </testcase> <!-- verifyUserCannotSignUpToMailingListWith_PhoneNumber -->
  <testcase name="verify_SUCCESS_IsPromptedWhenUserSuccessfullySignUpToMailingListWithValidEmail" time="0.0" classname="com.fbistech.testcases.Privacy_PolicyPageTest">
    <skipped/>
  </testcase> <!-- verify_SUCCESS_IsPromptedWhenUserSuccessfullySignUpToMailingListWithValidEmail -->
  <testcase name="verify_InvalidEmailAddress_IsPromptedWhenUserAttemptedToSignUpToMailingListWithInvalidEmail" time="0.0" classname="com.fbistech.testcases.Privacy_PolicyPageTest">
    <skipped/>
  </testcase> <!-- verify_InvalidEmailAddress_IsPromptedWhenUserAttemptedToSignUpToMailingListWithInvalidEmail -->
  <testcase name="verifyUserCanClickOnGooglePlayLink" time="0.0" classname="com.fbistech.testcases.Privacy_PolicyPageTest">
    <skipped/>
  </testcase> <!-- verifyUserCanClickOnGooglePlayLink -->
  <testcase name="verifyUserCanInstallBeamsityApp" time="0.0" classname="com.fbistech.testcases.Privacy_PolicyPageTest">
    <skipped/>
  </testcase> <!-- verifyUserCanInstallBeamsityApp -->
  <testcase name="verifyUserCanClickOnContactUsEmail" time="0.0" classname="com.fbistech.testcases.Privacy_PolicyPageTest">
    <skipped/>
  </testcase> <!-- verifyUserCanClickOnContactUsEmail -->
</testsuite> <!-- Default test -->
