<?xml version="1.0" encoding="UTF-8"?>
<testng-results skipped="0" failed="2" ignored="0" total="17" passed="15">
  <reporter-output>
  </reporter-output>
  <suite name="Default suite" duration-ms="526908" started-at="2021-11-07T21:22:43 WAT" finished-at="2021-11-07T21:31:30 WAT">
    <groups>
    </groups>
    <test name="Default test" duration-ms="526908" started-at="2021-11-07T21:22:43 WAT" finished-at="2021-11-07T21:31:30 WAT">
      <class name="com.fbistech.testcases.LoginPageTest">
        <test-method status="PASS" signature="setUp()[pri:0, instance:com.fbistech.testcases.LoginPageTest@4671e53b]" name="setUp" is-config="true" duration-ms="10299" started-at="2021-11-07T21:22:44 WAT" finished-at="2021-11-07T21:22:54 WAT">
          <reporter-output>
          </reporter-output>
        </test-method> <!-- setUp -->
        <test-method status="PASS" signature="verifyUserCanClickOnLoginLink()[pri:1, instance:com.fbistech.testcases.LoginPageTest@4671e53b]" name="verifyUserCanClickOnLoginLink" duration-ms="13148" started-at="2021-11-07T21:22:54 WAT" finished-at="2021-11-07T21:23:07 WAT">
          <reporter-output>
          </reporter-output>
        </test-method> <!-- verifyUserCanClickOnLoginLink -->
        <test-method status="PASS" signature="tearDown()[pri:0, instance:com.fbistech.testcases.LoginPageTest@4671e53b]" name="tearDown" is-config="true" duration-ms="6119" started-at="2021-11-07T21:23:07 WAT" finished-at="2021-11-07T21:23:13 WAT">
          <reporter-output>
          </reporter-output>
        </test-method> <!-- tearDown -->
        <test-method status="PASS" signature="setUp()[pri:0, instance:com.fbistech.testcases.LoginPageTest@4671e53b]" name="setUp" is-config="true" duration-ms="4381" started-at="2021-11-07T21:23:13 WAT" finished-at="2021-11-07T21:23:17 WAT">
          <reporter-output>
          </reporter-output>
        </test-method> <!-- setUp -->
        <test-method status="PASS" signature="verifyUserCanLoginWith_ValideCredentials()[pri:2, instance:com.fbistech.testcases.LoginPageTest@4671e53b]" name="verifyUserCanLoginWith_ValideCredentials" duration-ms="36303" started-at="2021-11-07T21:23:17 WAT" finished-at="2021-11-07T21:23:54 WAT">
          <reporter-output>
          </reporter-output>
        </test-method> <!-- verifyUserCanLoginWith_ValideCredentials -->
        <test-method status="PASS" signature="tearDown()[pri:0, instance:com.fbistech.testcases.LoginPageTest@4671e53b]" name="tearDown" is-config="true" duration-ms="6128" started-at="2021-11-07T21:23:54 WAT" finished-at="2021-11-07T21:24:00 WAT">
          <reporter-output>
          </reporter-output>
        </test-method> <!-- tearDown -->
        <test-method status="PASS" signature="setUp()[pri:0, instance:com.fbistech.testcases.LoginPageTest@4671e53b]" name="setUp" is-config="true" duration-ms="5246" started-at="2021-11-07T21:24:00 WAT" finished-at="2021-11-07T21:24:05 WAT">
          <reporter-output>
          </reporter-output>
        </test-method> <!-- setUp -->
        <test-method status="PASS" signature="verifyUserCannotLoginWith_InvalideCredentials()[pri:3, instance:com.fbistech.testcases.LoginPageTest@4671e53b]" name="verifyUserCannotLoginWith_InvalideCredentials" duration-ms="17194" started-at="2021-11-07T21:24:05 WAT" finished-at="2021-11-07T21:24:22 WAT">
          <reporter-output>
          </reporter-output>
        </test-method> <!-- verifyUserCannotLoginWith_InvalideCredentials -->
        <test-method status="PASS" signature="tearDown()[pri:0, instance:com.fbistech.testcases.LoginPageTest@4671e53b]" name="tearDown" is-config="true" duration-ms="6115" started-at="2021-11-07T21:24:22 WAT" finished-at="2021-11-07T21:24:28 WAT">
          <reporter-output>
          </reporter-output>
        </test-method> <!-- tearDown -->
        <test-method status="PASS" signature="setUp()[pri:0, instance:com.fbistech.testcases.LoginPageTest@4671e53b]" name="setUp" is-config="true" duration-ms="6459" started-at="2021-11-07T21:24:28 WAT" finished-at="2021-11-07T21:24:35 WAT">
          <reporter-output>
          </reporter-output>
        </test-method> <!-- setUp -->
        <test-method status="FAIL" signature="verifyUserCannotLoginWith_ValidEmail_InvalidPassword()[pri:4, instance:com.fbistech.testcases.LoginPageTest@4671e53b]" name="verifyUserCannotLoginWith_ValidEmail_InvalidPassword" duration-ms="24549" started-at="2021-11-07T21:24:35 WAT" finished-at="2021-11-07T21:24:59 WAT">
          <exception class="org.openqa.selenium.NoSuchElementException">
            <message>
              <![CDATA[no such element: Unable to locate element: {"method":"xpath","selector":"//li[@class='chakra-toast']//div[@class='chakra-alert__desc css-zycdy9'][normalize-space()='Invalid credentials entered']"}
  (Session info: chrome=95.0.4638.69)
For documentation on this error, please visit: https://www.seleniumhq.org/exceptions/no_such_element.html
Build info: version: '3.141.59', revision: 'e82be7d358', time: '2018-11-14T08:17:03'
System info: host: 'Josephs-MacBoo.local', ip: 'fd00:0:0:1:c0ce:8ad3:5300:aaab%en0', os.name: 'Mac OS X', os.arch: 'x86_64', os.version: '10.15.7', java.version: '1.8.0_241'
Driver info: org.openqa.selenium.chrome.ChromeDriver
Capabilities {acceptInsecureCerts: false, browserName: chrome, browserVersion: 95.0.4638.69, chrome: {chromedriverVersion: 95.0.4638.54 (d31a821ec901f..., userDataDir: /var/folders/j4/j04gn4bj1dl...}, goog:chromeOptions: {debuggerAddress: localhost:50741}, javascriptEnabled: true, networkConnectionEnabled: false, pageLoadStrategy: normal, platform: MAC, platformName: MAC, proxy: Proxy(), setWindowRect: true, strictFileInteractability: false, timeouts: {implicit: 0, pageLoad: 300000, script: 30000}, unhandledPromptBehavior: dismiss and notify, webauthn:extension:credBlob: true, webauthn:extension:largeBlob: true, webauthn:virtualAuthenticators: true}
Session ID: 3ae6f004a7247973db718389841acddf
*** Element info: {Using=xpath, value=//li[@class='chakra-toast']//div[@class='chakra-alert__desc css-zycdy9'][normalize-space()='Invalid credentials entered']}]]>
            </message>
            <full-stacktrace>
              <![CDATA[org.openqa.selenium.NoSuchElementException: no such element: Unable to locate element: {"method":"xpath","selector":"//li[@class='chakra-toast']//div[@class='chakra-alert__desc css-zycdy9'][normalize-space()='Invalid credentials entered']"}
  (Session info: chrome=95.0.4638.69)
For documentation on this error, please visit: https://www.seleniumhq.org/exceptions/no_such_element.html
Build info: version: '3.141.59', revision: 'e82be7d358', time: '2018-11-14T08:17:03'
System info: host: 'Josephs-MacBoo.local', ip: 'fd00:0:0:1:c0ce:8ad3:5300:aaab%en0', os.name: 'Mac OS X', os.arch: 'x86_64', os.version: '10.15.7', java.version: '1.8.0_241'
Driver info: org.openqa.selenium.chrome.ChromeDriver
Capabilities {acceptInsecureCerts: false, browserName: chrome, browserVersion: 95.0.4638.69, chrome: {chromedriverVersion: 95.0.4638.54 (d31a821ec901f..., userDataDir: /var/folders/j4/j04gn4bj1dl...}, goog:chromeOptions: {debuggerAddress: localhost:50741}, javascriptEnabled: true, networkConnectionEnabled: false, pageLoadStrategy: normal, platform: MAC, platformName: MAC, proxy: Proxy(), setWindowRect: true, strictFileInteractability: false, timeouts: {implicit: 0, pageLoad: 300000, script: 30000}, unhandledPromptBehavior: dismiss and notify, webauthn:extension:credBlob: true, webauthn:extension:largeBlob: true, webauthn:virtualAuthenticators: true}
Session ID: 3ae6f004a7247973db718389841acddf
*** Element info: {Using=xpath, value=//li[@class='chakra-toast']//div[@class='chakra-alert__desc css-zycdy9'][normalize-space()='Invalid credentials entered']}
at sun.reflect.NativeConstructorAccessorImpl.newInstance0(Native Method)
at sun.reflect.NativeConstructorAccessorImpl.newInstance(NativeConstructorAccessorImpl.java:62)
at sun.reflect.DelegatingConstructorAccessorImpl.newInstance(DelegatingConstructorAccessorImpl.java:45)
at java.lang.reflect.Constructor.newInstance(Constructor.java:423)
at org.openqa.selenium.remote.http.W3CHttpResponseCodec.createException(W3CHttpResponseCodec.java:187)
at org.openqa.selenium.remote.http.W3CHttpResponseCodec.decode(W3CHttpResponseCodec.java:122)
at org.openqa.selenium.remote.http.W3CHttpResponseCodec.decode(W3CHttpResponseCodec.java:49)
at org.openqa.selenium.remote.HttpCommandExecutor.execute(HttpCommandExecutor.java:158)
at org.openqa.selenium.remote.service.DriverCommandExecutor.execute(DriverCommandExecutor.java:83)
at org.openqa.selenium.remote.RemoteWebDriver.execute(RemoteWebDriver.java:552)
at org.openqa.selenium.remote.RemoteWebDriver.findElement(RemoteWebDriver.java:323)
at org.openqa.selenium.remote.RemoteWebDriver.findElementByXPath(RemoteWebDriver.java:428)
at org.openqa.selenium.By$ByXPath.findElement(By.java:353)
at org.openqa.selenium.remote.RemoteWebDriver.findElement(RemoteWebDriver.java:315)
at sun.reflect.GeneratedMethodAccessor3.invoke(Unknown Source)
at sun.reflect.DelegatingMethodAccessorImpl.invoke(DelegatingMethodAccessorImpl.java:43)
at java.lang.reflect.Method.invoke(Method.java:498)
at org.openqa.selenium.support.events.EventFiringWebDriver.lambda$new$1(EventFiringWebDriver.java:105)
at com.sun.proxy.$Proxy8.findElement(Unknown Source)
at org.openqa.selenium.support.events.EventFiringWebDriver.findElement(EventFiringWebDriver.java:194)
at org.openqa.selenium.support.pagefactory.DefaultElementLocator.findElement(DefaultElementLocator.java:69)
at org.openqa.selenium.support.pagefactory.internal.LocatingElementHandler.invoke(LocatingElementHandler.java:38)
at com.sun.proxy.$Proxy13.getText(Unknown Source)
at com.fbistech.pages.LoginPage.validateLoginInvalidCredentialsEntered(LoginPage.java:276)
at com.fbistech.testcases.LoginPageTest.verifyUserCannotLoginWith_ValidEmail_InvalidPassword(LoginPageTest.java:211)
at sun.reflect.NativeMethodAccessorImpl.invoke0(Native Method)
at sun.reflect.NativeMethodAccessorImpl.invoke(NativeMethodAccessorImpl.java:62)
at sun.reflect.DelegatingMethodAccessorImpl.invoke(DelegatingMethodAccessorImpl.java:43)
at java.lang.reflect.Method.invoke(Method.java:498)
at org.testng.internal.MethodInvocationHelper.invokeMethod(MethodInvocationHelper.java:133)
at org.testng.internal.TestInvoker.invokeMethod(TestInvoker.java:598)
at org.testng.internal.TestInvoker.invokeTestMethod(TestInvoker.java:173)
at org.testng.internal.MethodRunner.runInSequence(MethodRunner.java:46)
at org.testng.internal.TestInvoker$MethodInvocationAgent.invoke(TestInvoker.java:824)
at org.testng.internal.TestInvoker.invokeTestMethods(TestInvoker.java:146)
at org.testng.internal.TestMethodWorker.invokeTestMethods(TestMethodWorker.java:146)
at org.testng.internal.TestMethodWorker.run(TestMethodWorker.java:128)
at java.util.ArrayList.forEach(ArrayList.java:1257)
at org.testng.TestRunner.privateRun(TestRunner.java:794)
at org.testng.TestRunner.run(TestRunner.java:596)
at org.testng.SuiteRunner.runTest(SuiteRunner.java:377)
at org.testng.SuiteRunner.runSequentially(SuiteRunner.java:371)
at org.testng.SuiteRunner.privateRun(SuiteRunner.java:332)
at org.testng.SuiteRunner.run(SuiteRunner.java:276)
at org.testng.SuiteRunnerWorker.runSuite(SuiteRunnerWorker.java:53)
at org.testng.SuiteRunnerWorker.run(SuiteRunnerWorker.java:96)
at org.testng.TestNG.runSuitesSequentially(TestNG.java:1212)
at org.testng.TestNG.runSuitesLocally(TestNG.java:1134)
at org.testng.TestNG.runSuites(TestNG.java:1063)
at org.testng.TestNG.run(TestNG.java:1031)
at org.testng.remote.AbstractRemoteTestNG.run(AbstractRemoteTestNG.java:115)
at org.testng.remote.RemoteTestNG.initAndRun(RemoteTestNG.java:251)
at org.testng.remote.RemoteTestNG.main(RemoteTestNG.java:77)
]]>
            </full-stacktrace>
          </exception> <!-- org.openqa.selenium.NoSuchElementException -->
          <reporter-output>
          </reporter-output>
        </test-method> <!-- verifyUserCannotLoginWith_ValidEmail_InvalidPassword -->
        <test-method status="PASS" signature="tearDown()[pri:0, instance:com.fbistech.testcases.LoginPageTest@4671e53b]" name="tearDown" is-config="true" duration-ms="6145" started-at="2021-11-07T21:24:59 WAT" finished-at="2021-11-07T21:25:06 WAT">
          <reporter-output>
          </reporter-output>
        </test-method> <!-- tearDown -->
        <test-method status="PASS" signature="setUp()[pri:0, instance:com.fbistech.testcases.LoginPageTest@4671e53b]" name="setUp" is-config="true" duration-ms="3970" started-at="2021-11-07T21:25:06 WAT" finished-at="2021-11-07T21:25:10 WAT">
          <reporter-output>
          </reporter-output>
        </test-method> <!-- setUp -->
        <test-method status="PASS" signature="verifyUserCannotLoginWith_InvalidEmail_ValidPassword()[pri:5, instance:com.fbistech.testcases.LoginPageTest@4671e53b]" name="verifyUserCannotLoginWith_InvalidEmail_ValidPassword" duration-ms="25764" started-at="2021-11-07T21:25:10 WAT" finished-at="2021-11-07T21:25:35 WAT">
          <reporter-output>
          </reporter-output>
        </test-method> <!-- verifyUserCannotLoginWith_InvalidEmail_ValidPassword -->
        <test-method status="PASS" signature="tearDown()[pri:0, instance:com.fbistech.testcases.LoginPageTest@4671e53b]" name="tearDown" is-config="true" duration-ms="6106" started-at="2021-11-07T21:25:35 WAT" finished-at="2021-11-07T21:25:41 WAT">
          <reporter-output>
          </reporter-output>
        </test-method> <!-- tearDown -->
        <test-method status="PASS" signature="setUp()[pri:0, instance:com.fbistech.testcases.LoginPageTest@4671e53b]" name="setUp" is-config="true" duration-ms="8241" started-at="2021-11-07T21:25:41 WAT" finished-at="2021-11-07T21:25:50 WAT">
          <reporter-output>
          </reporter-output>
        </test-method> <!-- setUp -->
        <test-method status="PASS" signature="verifyUserCannotLoginWith_EmailWithoutDomaName_AndValidPassword()[pri:6, instance:com.fbistech.testcases.LoginPageTest@4671e53b]" name="verifyUserCannotLoginWith_EmailWithoutDomaName_AndValidPassword" duration-ms="21871" started-at="2021-11-07T21:25:50 WAT" finished-at="2021-11-07T21:26:12 WAT">
          <reporter-output>
          </reporter-output>
        </test-method> <!-- verifyUserCannotLoginWith_EmailWithoutDomaName_AndValidPassword -->
        <test-method status="PASS" signature="tearDown()[pri:0, instance:com.fbistech.testcases.LoginPageTest@4671e53b]" name="tearDown" is-config="true" duration-ms="6106" started-at="2021-11-07T21:26:12 WAT" finished-at="2021-11-07T21:26:18 WAT">
          <reporter-output>
          </reporter-output>
        </test-method> <!-- tearDown -->
        <test-method status="PASS" signature="setUp()[pri:0, instance:com.fbistech.testcases.LoginPageTest@4671e53b]" name="setUp" is-config="true" duration-ms="4232" started-at="2021-11-07T21:26:18 WAT" finished-at="2021-11-07T21:26:22 WAT">
          <reporter-output>
          </reporter-output>
        </test-method> <!-- setUp -->
        <test-method status="PASS" signature="verifyUserCannotLoginWith_EmptyEmail_AndValidPassword()[pri:7, instance:com.fbistech.testcases.LoginPageTest@4671e53b]" name="verifyUserCannotLoginWith_EmptyEmail_AndValidPassword" duration-ms="20610" started-at="2021-11-07T21:26:22 WAT" finished-at="2021-11-07T21:26:43 WAT">
          <reporter-output>
          </reporter-output>
        </test-method> <!-- verifyUserCannotLoginWith_EmptyEmail_AndValidPassword -->
        <test-method status="PASS" signature="tearDown()[pri:0, instance:com.fbistech.testcases.LoginPageTest@4671e53b]" name="tearDown" is-config="true" duration-ms="6111" started-at="2021-11-07T21:26:43 WAT" finished-at="2021-11-07T21:26:49 WAT">
          <reporter-output>
          </reporter-output>
        </test-method> <!-- tearDown -->
        <test-method status="PASS" signature="setUp()[pri:0, instance:com.fbistech.testcases.LoginPageTest@4671e53b]" name="setUp" is-config="true" duration-ms="6042" started-at="2021-11-07T21:26:49 WAT" finished-at="2021-11-07T21:26:55 WAT">
          <reporter-output>
          </reporter-output>
        </test-method> <!-- setUp -->
        <test-method status="PASS" signature="verifyUserCannotLoginWith_ValidEmail_EmptyPassword()[pri:8, instance:com.fbistech.testcases.LoginPageTest@4671e53b]" name="verifyUserCannotLoginWith_ValidEmail_EmptyPassword" duration-ms="21665" started-at="2021-11-07T21:26:55 WAT" finished-at="2021-11-07T21:27:16 WAT">
          <reporter-output>
          </reporter-output>
        </test-method> <!-- verifyUserCannotLoginWith_ValidEmail_EmptyPassword -->
        <test-method status="PASS" signature="tearDown()[pri:0, instance:com.fbistech.testcases.LoginPageTest@4671e53b]" name="tearDown" is-config="true" duration-ms="6114" started-at="2021-11-07T21:27:16 WAT" finished-at="2021-11-07T21:27:22 WAT">
          <reporter-output>
          </reporter-output>
        </test-method> <!-- tearDown -->
        <test-method status="PASS" signature="setUp()[pri:0, instance:com.fbistech.testcases.LoginPageTest@4671e53b]" name="setUp" is-config="true" duration-ms="6635" started-at="2021-11-07T21:27:22 WAT" finished-at="2021-11-07T21:27:29 WAT">
          <reporter-output>
          </reporter-output>
        </test-method> <!-- setUp -->
        <test-method status="PASS" signature="verifyUserCannotLoginWith_PasswordLessThan6DigitsCharacters()[pri:9, instance:com.fbistech.testcases.LoginPageTest@4671e53b]" name="verifyUserCannotLoginWith_PasswordLessThan6DigitsCharacters" duration-ms="16664" started-at="2021-11-07T21:27:29 WAT" finished-at="2021-11-07T21:27:46 WAT">
          <reporter-output>
          </reporter-output>
        </test-method> <!-- verifyUserCannotLoginWith_PasswordLessThan6DigitsCharacters -->
        <test-method status="PASS" signature="tearDown()[pri:0, instance:com.fbistech.testcases.LoginPageTest@4671e53b]" name="tearDown" is-config="true" duration-ms="6101" started-at="2021-11-07T21:27:46 WAT" finished-at="2021-11-07T21:27:52 WAT">
          <reporter-output>
          </reporter-output>
        </test-method> <!-- tearDown -->
        <test-method status="PASS" signature="setUp()[pri:0, instance:com.fbistech.testcases.LoginPageTest@4671e53b]" name="setUp" is-config="true" duration-ms="14144" started-at="2021-11-07T21:27:52 WAT" finished-at="2021-11-07T21:28:06 WAT">
          <reporter-output>
          </reporter-output>
        </test-method> <!-- setUp -->
        <test-method status="PASS" signature="verifyUserCanClickForgotPasswordLink()[pri:10, instance:com.fbistech.testcases.LoginPageTest@4671e53b]" name="verifyUserCanClickForgotPasswordLink" duration-ms="6194" started-at="2021-11-07T21:28:06 WAT" finished-at="2021-11-07T21:28:12 WAT">
          <reporter-output>
          </reporter-output>
        </test-method> <!-- verifyUserCanClickForgotPasswordLink -->
        <test-method status="PASS" signature="tearDown()[pri:0, instance:com.fbistech.testcases.LoginPageTest@4671e53b]" name="tearDown" is-config="true" duration-ms="6102" started-at="2021-11-07T21:28:12 WAT" finished-at="2021-11-07T21:28:18 WAT">
          <reporter-output>
          </reporter-output>
        </test-method> <!-- tearDown -->
        <test-method status="PASS" signature="setUp()[pri:0, instance:com.fbistech.testcases.LoginPageTest@4671e53b]" name="setUp" is-config="true" duration-ms="3992" started-at="2021-11-07T21:28:18 WAT" finished-at="2021-11-07T21:28:22 WAT">
          <reporter-output>
          </reporter-output>
        </test-method> <!-- setUp -->
        <test-method status="PASS" signature="verifyUserCanTerminateForgotPasswordProcess()[pri:11, instance:com.fbistech.testcases.LoginPageTest@4671e53b]" name="verifyUserCanTerminateForgotPasswordProcess" duration-ms="11865" started-at="2021-11-07T21:28:22 WAT" finished-at="2021-11-07T21:28:34 WAT">
          <reporter-output>
          </reporter-output>
        </test-method> <!-- verifyUserCanTerminateForgotPasswordProcess -->
        <test-method status="PASS" signature="tearDown()[pri:0, instance:com.fbistech.testcases.LoginPageTest@4671e53b]" name="tearDown" is-config="true" duration-ms="6100" started-at="2021-11-07T21:28:34 WAT" finished-at="2021-11-07T21:28:40 WAT">
          <reporter-output>
          </reporter-output>
        </test-method> <!-- tearDown -->
        <test-method status="PASS" signature="setUp()[pri:0, instance:com.fbistech.testcases.LoginPageTest@4671e53b]" name="setUp" is-config="true" duration-ms="5777" started-at="2021-11-07T21:28:40 WAT" finished-at="2021-11-07T21:28:46 WAT">
          <reporter-output>
          </reporter-output>
        </test-method> <!-- setUp -->
        <test-method status="PASS" signature="verifyUserCanResetForgetPassword()[pri:12, instance:com.fbistech.testcases.LoginPageTest@4671e53b]" name="verifyUserCanResetForgetPassword" duration-ms="22174" started-at="2021-11-07T21:28:46 WAT" finished-at="2021-11-07T21:29:08 WAT">
          <reporter-output>
          </reporter-output>
        </test-method> <!-- verifyUserCanResetForgetPassword -->
        <test-method status="PASS" signature="tearDown()[pri:0, instance:com.fbistech.testcases.LoginPageTest@4671e53b]" name="tearDown" is-config="true" duration-ms="6110" started-at="2021-11-07T21:29:08 WAT" finished-at="2021-11-07T21:29:14 WAT">
          <reporter-output>
          </reporter-output>
        </test-method> <!-- tearDown -->
        <test-method status="PASS" signature="setUp()[pri:0, instance:com.fbistech.testcases.LoginPageTest@4671e53b]" name="setUp" is-config="true" duration-ms="5104" started-at="2021-11-07T21:29:14 WAT" finished-at="2021-11-07T21:29:19 WAT">
          <reporter-output>
          </reporter-output>
        </test-method> <!-- setUp -->
        <test-method status="FAIL" signature="verifyUserCannotResetForgetPasswordWithEmailWithoutServerHostName()[pri:13, instance:com.fbistech.testcases.LoginPageTest@4671e53b]" name="verifyUserCannotResetForgetPasswordWithEmailWithoutServerHostName" duration-ms="27003" started-at="2021-11-07T21:29:19 WAT" finished-at="2021-11-07T21:29:46 WAT">
          <exception class="org.openqa.selenium.NoSuchElementException">
            <message>
              <![CDATA[no such element: Unable to locate element: {"method":"xpath","selector":"//li[@class='chakra-toast']//div[@id='12']//*[@class='chakra-icon css-onkibi']"}
  (Session info: chrome=95.0.4638.69)
For documentation on this error, please visit: https://www.seleniumhq.org/exceptions/no_such_element.html
Build info: version: '3.141.59', revision: 'e82be7d358', time: '2018-11-14T08:17:03'
System info: host: 'Josephs-MacBoo.local', ip: 'fd00:0:0:1:c0ce:8ad3:5300:aaab%en0', os.name: 'Mac OS X', os.arch: 'x86_64', os.version: '10.15.7', java.version: '1.8.0_241'
Driver info: org.openqa.selenium.chrome.ChromeDriver
Capabilities {acceptInsecureCerts: false, browserName: chrome, browserVersion: 95.0.4638.69, chrome: {chromedriverVersion: 95.0.4638.54 (d31a821ec901f..., userDataDir: /var/folders/j4/j04gn4bj1dl...}, goog:chromeOptions: {debuggerAddress: localhost:51031}, javascriptEnabled: true, networkConnectionEnabled: false, pageLoadStrategy: normal, platform: MAC, platformName: MAC, proxy: Proxy(), setWindowRect: true, strictFileInteractability: false, timeouts: {implicit: 0, pageLoad: 300000, script: 30000}, unhandledPromptBehavior: dismiss and notify, webauthn:extension:credBlob: true, webauthn:extension:largeBlob: true, webauthn:virtualAuthenticators: true}
Session ID: e3f937a7b7eb212a8e1cafd7af59c240
*** Element info: {Using=xpath, value=//li[@class='chakra-toast']//div[@id='12']//*[@class='chakra-icon css-onkibi']}]]>
            </message>
            <full-stacktrace>
              <![CDATA[org.openqa.selenium.NoSuchElementException: no such element: Unable to locate element: {"method":"xpath","selector":"//li[@class='chakra-toast']//div[@id='12']//*[@class='chakra-icon css-onkibi']"}
  (Session info: chrome=95.0.4638.69)
For documentation on this error, please visit: https://www.seleniumhq.org/exceptions/no_such_element.html
Build info: version: '3.141.59', revision: 'e82be7d358', time: '2018-11-14T08:17:03'
System info: host: 'Josephs-MacBoo.local', ip: 'fd00:0:0:1:c0ce:8ad3:5300:aaab%en0', os.name: 'Mac OS X', os.arch: 'x86_64', os.version: '10.15.7', java.version: '1.8.0_241'
Driver info: org.openqa.selenium.chrome.ChromeDriver
Capabilities {acceptInsecureCerts: false, browserName: chrome, browserVersion: 95.0.4638.69, chrome: {chromedriverVersion: 95.0.4638.54 (d31a821ec901f..., userDataDir: /var/folders/j4/j04gn4bj1dl...}, goog:chromeOptions: {debuggerAddress: localhost:51031}, javascriptEnabled: true, networkConnectionEnabled: false, pageLoadStrategy: normal, platform: MAC, platformName: MAC, proxy: Proxy(), setWindowRect: true, strictFileInteractability: false, timeouts: {implicit: 0, pageLoad: 300000, script: 30000}, unhandledPromptBehavior: dismiss and notify, webauthn:extension:credBlob: true, webauthn:extension:largeBlob: true, webauthn:virtualAuthenticators: true}
Session ID: e3f937a7b7eb212a8e1cafd7af59c240
*** Element info: {Using=xpath, value=//li[@class='chakra-toast']//div[@id='12']//*[@class='chakra-icon css-onkibi']}
at sun.reflect.NativeConstructorAccessorImpl.newInstance0(Native Method)
at sun.reflect.NativeConstructorAccessorImpl.newInstance(NativeConstructorAccessorImpl.java:62)
at sun.reflect.DelegatingConstructorAccessorImpl.newInstance(DelegatingConstructorAccessorImpl.java:45)
at java.lang.reflect.Constructor.newInstance(Constructor.java:423)
at org.openqa.selenium.remote.http.W3CHttpResponseCodec.createException(W3CHttpResponseCodec.java:187)
at org.openqa.selenium.remote.http.W3CHttpResponseCodec.decode(W3CHttpResponseCodec.java:122)
at org.openqa.selenium.remote.http.W3CHttpResponseCodec.decode(W3CHttpResponseCodec.java:49)
at org.openqa.selenium.remote.HttpCommandExecutor.execute(HttpCommandExecutor.java:158)
at org.openqa.selenium.remote.service.DriverCommandExecutor.execute(DriverCommandExecutor.java:83)
at org.openqa.selenium.remote.RemoteWebDriver.execute(RemoteWebDriver.java:552)
at org.openqa.selenium.remote.RemoteWebDriver.findElement(RemoteWebDriver.java:323)
at org.openqa.selenium.remote.RemoteWebDriver.findElementByXPath(RemoteWebDriver.java:428)
at org.openqa.selenium.By$ByXPath.findElement(By.java:353)
at org.openqa.selenium.remote.RemoteWebDriver.findElement(RemoteWebDriver.java:315)
at sun.reflect.GeneratedMethodAccessor3.invoke(Unknown Source)
at sun.reflect.DelegatingMethodAccessorImpl.invoke(DelegatingMethodAccessorImpl.java:43)
at java.lang.reflect.Method.invoke(Method.java:498)
at org.openqa.selenium.support.events.EventFiringWebDriver.lambda$new$1(EventFiringWebDriver.java:105)
at com.sun.proxy.$Proxy8.findElement(Unknown Source)
at org.openqa.selenium.support.events.EventFiringWebDriver.findElement(EventFiringWebDriver.java:194)
at org.openqa.selenium.support.pagefactory.DefaultElementLocator.findElement(DefaultElementLocator.java:69)
at org.openqa.selenium.support.pagefactory.internal.LocatingElementHandler.invoke(LocatingElementHandler.java:38)
at com.sun.proxy.$Proxy13.click(Unknown Source)
at com.fbistech.pages.LoginPage.validateClickOnCancel_EmailMustBeAValidEmailAddressErrorPromptBtn(LoginPage.java:307)
at com.fbistech.testcases.LoginPageTest.verifyUserCannotResetForgetPasswordWithEmailWithoutServerHostName(LoginPageTest.java:639)
at sun.reflect.NativeMethodAccessorImpl.invoke0(Native Method)
at sun.reflect.NativeMethodAccessorImpl.invoke(NativeMethodAccessorImpl.java:62)
at sun.reflect.DelegatingMethodAccessorImpl.invoke(DelegatingMethodAccessorImpl.java:43)
at java.lang.reflect.Method.invoke(Method.java:498)
at org.testng.internal.MethodInvocationHelper.invokeMethod(MethodInvocationHelper.java:133)
at org.testng.internal.TestInvoker.invokeMethod(TestInvoker.java:598)
at org.testng.internal.TestInvoker.invokeTestMethod(TestInvoker.java:173)
at org.testng.internal.MethodRunner.runInSequence(MethodRunner.java:46)
at org.testng.internal.TestInvoker$MethodInvocationAgent.invoke(TestInvoker.java:824)
at org.testng.internal.TestInvoker.invokeTestMethods(TestInvoker.java:146)
at org.testng.internal.TestMethodWorker.invokeTestMethods(TestMethodWorker.java:146)
at org.testng.internal.TestMethodWorker.run(TestMethodWorker.java:128)
at java.util.ArrayList.forEach(ArrayList.java:1257)
at org.testng.TestRunner.privateRun(TestRunner.java:794)
at org.testng.TestRunner.run(TestRunner.java:596)
at org.testng.SuiteRunner.runTest(SuiteRunner.java:377)
at org.testng.SuiteRunner.runSequentially(SuiteRunner.java:371)
at org.testng.SuiteRunner.privateRun(SuiteRunner.java:332)
at org.testng.SuiteRunner.run(SuiteRunner.java:276)
at org.testng.SuiteRunnerWorker.runSuite(SuiteRunnerWorker.java:53)
at org.testng.SuiteRunnerWorker.run(SuiteRunnerWorker.java:96)
at org.testng.TestNG.runSuitesSequentially(TestNG.java:1212)
at org.testng.TestNG.runSuitesLocally(TestNG.java:1134)
at org.testng.TestNG.runSuites(TestNG.java:1063)
at org.testng.TestNG.run(TestNG.java:1031)
at org.testng.remote.AbstractRemoteTestNG.run(AbstractRemoteTestNG.java:115)
at org.testng.remote.RemoteTestNG.initAndRun(RemoteTestNG.java:251)
at org.testng.remote.RemoteTestNG.main(RemoteTestNG.java:77)
]]>
            </full-stacktrace>
          </exception> <!-- org.openqa.selenium.NoSuchElementException -->
          <reporter-output>
          </reporter-output>
        </test-method> <!-- verifyUserCannotResetForgetPasswordWithEmailWithoutServerHostName -->
        <test-method status="PASS" signature="tearDown()[pri:0, instance:com.fbistech.testcases.LoginPageTest@4671e53b]" name="tearDown" is-config="true" duration-ms="6115" started-at="2021-11-07T21:29:46 WAT" finished-at="2021-11-07T21:29:53 WAT">
          <reporter-output>
          </reporter-output>
        </test-method> <!-- tearDown -->
        <test-method status="PASS" signature="setUp()[pri:0, instance:com.fbistech.testcases.LoginPageTest@4671e53b]" name="setUp" is-config="true" duration-ms="7603" started-at="2021-11-07T21:29:53 WAT" finished-at="2021-11-07T21:30:00 WAT">
          <reporter-output>
          </reporter-output>
        </test-method> <!-- setUp -->
        <test-method status="PASS" signature="verifyUserCannotResetForgetPasswordWithEmailWithoutDomainName()[pri:14, instance:com.fbistech.testcases.LoginPageTest@4671e53b]" name="verifyUserCannotResetForgetPasswordWithEmailWithoutDomainName" duration-ms="17143" started-at="2021-11-07T21:30:00 WAT" finished-at="2021-11-07T21:30:17 WAT">
          <reporter-output>
          </reporter-output>
        </test-method> <!-- verifyUserCannotResetForgetPasswordWithEmailWithoutDomainName -->
        <test-method status="PASS" signature="tearDown()[pri:0, instance:com.fbistech.testcases.LoginPageTest@4671e53b]" name="tearDown" is-config="true" duration-ms="6114" started-at="2021-11-07T21:30:17 WAT" finished-at="2021-11-07T21:30:23 WAT">
          <reporter-output>
          </reporter-output>
        </test-method> <!-- tearDown -->
        <test-method status="PASS" signature="setUp()[pri:0, instance:com.fbistech.testcases.LoginPageTest@4671e53b]" name="setUp" is-config="true" duration-ms="5093" started-at="2021-11-07T21:30:23 WAT" finished-at="2021-11-07T21:30:28 WAT">
          <reporter-output>
          </reporter-output>
        </test-method> <!-- setUp -->
        <test-method status="PASS" signature="verifyUserCannotResetForgetPasswordWithEmptyInputField()[pri:15, instance:com.fbistech.testcases.LoginPageTest@4671e53b]" name="verifyUserCannotResetForgetPasswordWithEmptyInputField" duration-ms="16494" started-at="2021-11-07T21:30:28 WAT" finished-at="2021-11-07T21:30:45 WAT">
          <reporter-output>
          </reporter-output>
        </test-method> <!-- verifyUserCannotResetForgetPasswordWithEmptyInputField -->
        <test-method status="PASS" signature="tearDown()[pri:0, instance:com.fbistech.testcases.LoginPageTest@4671e53b]" name="tearDown" is-config="true" duration-ms="6113" started-at="2021-11-07T21:30:45 WAT" finished-at="2021-11-07T21:30:51 WAT">
          <reporter-output>
          </reporter-output>
        </test-method> <!-- tearDown -->
        <test-method status="PASS" signature="setUp()[pri:0, instance:com.fbistech.testcases.LoginPageTest@4671e53b]" name="setUp" is-config="true" duration-ms="6732" started-at="2021-11-07T21:30:51 WAT" finished-at="2021-11-07T21:30:58 WAT">
          <reporter-output>
          </reporter-output>
        </test-method> <!-- setUp -->
        <test-method status="PASS" signature="verifyUserCanNavigateToTermsAndConditionsPage()[pri:16, instance:com.fbistech.testcases.LoginPageTest@4671e53b]" name="verifyUserCanNavigateToTermsAndConditionsPage" duration-ms="4909" started-at="2021-11-07T21:30:58 WAT" finished-at="2021-11-07T21:31:03 WAT">
          <reporter-output>
          </reporter-output>
        </test-method> <!-- verifyUserCanNavigateToTermsAndConditionsPage -->
        <test-method status="PASS" signature="tearDown()[pri:0, instance:com.fbistech.testcases.LoginPageTest@4671e53b]" name="tearDown" is-config="true" duration-ms="6112" started-at="2021-11-07T21:31:03 WAT" finished-at="2021-11-07T21:31:09 WAT">
          <reporter-output>
          </reporter-output>
        </test-method> <!-- tearDown -->
        <test-method status="PASS" signature="setUp()[pri:0, instance:com.fbistech.testcases.LoginPageTest@4671e53b]" name="setUp" is-config="true" duration-ms="9148" started-at="2021-11-07T21:31:09 WAT" finished-at="2021-11-07T21:31:18 WAT">
          <reporter-output>
          </reporter-output>
        </test-method> <!-- setUp -->
        <test-method status="PASS" signature="verifyUserCanClickOnTermsAndConditionsLink()[pri:17, instance:com.fbistech.testcases.LoginPageTest@4671e53b]" name="verifyUserCanClickOnTermsAndConditionsLink" duration-ms="6267" started-at="2021-11-07T21:31:18 WAT" finished-at="2021-11-07T21:31:24 WAT">
          <reporter-output>
          </reporter-output>
        </test-method> <!-- verifyUserCanClickOnTermsAndConditionsLink -->
        <test-method status="PASS" signature="tearDown()[pri:0, instance:com.fbistech.testcases.LoginPageTest@4671e53b]" name="tearDown" is-config="true" duration-ms="6111" started-at="2021-11-07T21:31:24 WAT" finished-at="2021-11-07T21:31:30 WAT">
          <reporter-output>
          </reporter-output>
        </test-method> <!-- tearDown -->
      </class> <!-- com.fbistech.testcases.LoginPageTest -->
    </test> <!-- Default test -->
  </suite> <!-- Default suite -->
</testng-results>
