<?xml version="1.0" encoding="UTF-8"?>
<!-- Generated by org.testng.reporters.JUnitReportReporter -->
<testsuite skipped="9" hostname="Josephs-MacBoo.local" name="com.fbistech.testcases.TechOnBeamsityPageTest" tests="18" failures="0" timestamp="2021-11-08T11:07:54 WAT" time="234.264" errors="1">
  <testcase name="setUp" time="30.776" classname="com.fbistech.testcases.TechOnBeamsityPageTest">
    <error type="org.openqa.selenium.TimeoutException" message="timeout: Timed out receiving message from renderer: 19.174
  (Session info: chrome=95.0.4638.69)
Build info: version: &#039;3.141.59&#039;, revision: &#039;e82be7d358&#039;, time: &#039;2018-11-14T08:17:03&#039;
System info: host: &#039;Josephs-MacBoo.local&#039;, ip: &#039;fd00:0:0:1:78f3:817:ce4d:13ab%en0&#039;, os.name: &#039;Mac OS X&#039;, os.arch: &#039;x86_64&#039;, os.version: &#039;10.15.7&#039;, java.version: &#039;1.8.0_301&#039;
Driver info: org.openqa.selenium.chrome.ChromeDriver
Capabilities {acceptInsecureCerts: false, browserName: chrome, browserVersion: 95.0.4638.69, chrome: {chromedriverVersion: 95.0.4638.54 (d31a821ec901f..., userDataDir: /var/folders/j4/j04gn4bj1dl...}, goog:chromeOptions: {debuggerAddress: localhost:59956}, javascriptEnabled: true, networkConnectionEnabled: false, pageLoadStrategy: normal, platform: MAC, platformName: MAC, proxy: Proxy(), setWindowRect: true, strictFileInteractability: false, timeouts: {implicit: 0, pageLoad: 300000, script: 30000}, unhandledPromptBehavior: dismiss and notify, webauthn:extension:credBlob: true, webauthn:extension:largeBlob: true, webauthn:virtualAuthenticators: true}
Session ID: e4a16ccafa20f921e7e8e594ea3e18dc">
      <![CDATA[org.openqa.selenium.TimeoutException: timeout: Timed out receiving message from renderer: 19.174
  (Session info: chrome=95.0.4638.69)
Build info: version: '3.141.59', revision: 'e82be7d358', time: '2018-11-14T08:17:03'
System info: host: 'Josephs-MacBoo.local', ip: 'fd00:0:0:1:78f3:817:ce4d:13ab%en0', os.name: 'Mac OS X', os.arch: 'x86_64', os.version: '10.15.7', java.version: '1.8.0_301'
Driver info: org.openqa.selenium.chrome.ChromeDriver
Capabilities {acceptInsecureCerts: false, browserName: chrome, browserVersion: 95.0.4638.69, chrome: {chromedriverVersion: 95.0.4638.54 (d31a821ec901f..., userDataDir: /var/folders/j4/j04gn4bj1dl...}, goog:chromeOptions: {debuggerAddress: localhost:59956}, javascriptEnabled: true, networkConnectionEnabled: false, pageLoadStrategy: normal, platform: MAC, platformName: MAC, proxy: Proxy(), setWindowRect: true, strictFileInteractability: false, timeouts: {implicit: 0, pageLoad: 300000, script: 30000}, unhandledPromptBehavior: dismiss and notify, webauthn:extension:credBlob: true, webauthn:extension:largeBlob: true, webauthn:virtualAuthenticators: true}
Session ID: e4a16ccafa20f921e7e8e594ea3e18dc
at sun.reflect.NativeConstructorAccessorImpl.newInstance0(Native Method)
at sun.reflect.NativeConstructorAccessorImpl.newInstance(NativeConstructorAccessorImpl.java:62)
at sun.reflect.DelegatingConstructorAccessorImpl.newInstance(DelegatingConstructorAccessorImpl.java:45)
at java.lang.reflect.Constructor.newInstance(Constructor.java:423)
at org.openqa.selenium.remote.http.W3CHttpResponseCodec.createException(W3CHttpResponseCodec.java:187)
at org.openqa.selenium.remote.http.W3CHttpResponseCodec.decode(W3CHttpResponseCodec.java:122)
at org.openqa.selenium.remote.http.W3CHttpResponseCodec.decode(W3CHttpResponseCodec.java:49)
at org.openqa.selenium.remote.HttpCommandExecutor.execute(HttpCommandExecutor.java:158)
at org.openqa.selenium.remote.service.DriverCommandExecutor.execute(DriverCommandExecutor.java:83)
at org.openqa.selenium.remote.RemoteWebDriver.execute(RemoteWebDriver.java:552)
at org.openqa.selenium.remote.RemoteWebDriver.get(RemoteWebDriver.java:277)
at sun.reflect.GeneratedMethodAccessor5.invoke(Unknown Source)
at sun.reflect.DelegatingMethodAccessorImpl.invoke(DelegatingMethodAccessorImpl.java:43)
at java.lang.reflect.Method.invoke(Method.java:498)
at org.openqa.selenium.support.events.EventFiringWebDriver.lambda$new$1(EventFiringWebDriver.java:105)
at com.sun.proxy.$Proxy6.get(Unknown Source)
at org.openqa.selenium.support.events.EventFiringWebDriver.get(EventFiringWebDriver.java:165)
at com.fbistech.base.TestBase.initialization(TestBase.java:115)
at com.fbistech.testcases.TechOnBeamsityPageTest.setUp(TechOnBeamsityPageTest.java:48)
at sun.reflect.NativeMethodAccessorImpl.invoke0(Native Method)
at sun.reflect.NativeMethodAccessorImpl.invoke(NativeMethodAccessorImpl.java:62)
at sun.reflect.DelegatingMethodAccessorImpl.invoke(DelegatingMethodAccessorImpl.java:43)
at java.lang.reflect.Method.invoke(Method.java:498)
at org.testng.internal.MethodInvocationHelper.invokeMethod(MethodInvocationHelper.java:133)
at org.testng.internal.MethodInvocationHelper.invokeMethodConsideringTimeout(MethodInvocationHelper.java:62)
at org.testng.internal.ConfigInvoker.invokeConfigurationMethod(ConfigInvoker.java:385)
at org.testng.internal.ConfigInvoker.invokeConfigurations(ConfigInvoker.java:321)
at org.testng.internal.TestInvoker.runConfigMethods(TestInvoker.java:700)
at org.testng.internal.TestInvoker.invokeMethod(TestInvoker.java:527)
at org.testng.internal.TestInvoker.invokeTestMethod(TestInvoker.java:173)
at org.testng.internal.MethodRunner.runInSequence(MethodRunner.java:46)
at org.testng.internal.TestInvoker$MethodInvocationAgent.invoke(TestInvoker.java:824)
at org.testng.internal.TestInvoker.invokeTestMethods(TestInvoker.java:146)
at org.testng.internal.TestMethodWorker.invokeTestMethods(TestMethodWorker.java:146)
at org.testng.internal.TestMethodWorker.run(TestMethodWorker.java:128)
at java.util.ArrayList.forEach(ArrayList.java:1259)
at org.testng.TestRunner.privateRun(TestRunner.java:794)
at org.testng.TestRunner.run(TestRunner.java:596)
at org.testng.SuiteRunner.runTest(SuiteRunner.java:377)
at org.testng.SuiteRunner.runSequentially(SuiteRunner.java:371)
at org.testng.SuiteRunner.privateRun(SuiteRunner.java:332)
at org.testng.SuiteRunner.run(SuiteRunner.java:276)
at org.testng.SuiteRunnerWorker.runSuite(SuiteRunnerWorker.java:53)
at org.testng.SuiteRunnerWorker.run(SuiteRunnerWorker.java:96)
at org.testng.TestNG.runSuitesSequentially(TestNG.java:1212)
at org.testng.TestNG.runSuitesLocally(TestNG.java:1134)
at org.testng.TestNG.runSuites(TestNG.java:1063)
at org.testng.TestNG.run(TestNG.java:1031)
at org.apache.maven.surefire.testng.TestNGExecutor.run(TestNGExecutor.java:132)
at org.apache.maven.surefire.testng.TestNGDirectoryTestSuite.executeMulti(TestNGDirectoryTestSuite.java:193)
at org.apache.maven.surefire.testng.TestNGDirectoryTestSuite.execute(TestNGDirectoryTestSuite.java:94)
at org.apache.maven.surefire.testng.TestNGProvider.invoke(TestNGProvider.java:147)
at org.apache.maven.surefire.booter.ForkedBooter.invokeProviderInSameClassLoader(ForkedBooter.java:290)
at org.apache.maven.surefire.booter.ForkedBooter.runSuitesInProcess(ForkedBooter.java:242)
at org.apache.maven.surefire.booter.ForkedBooter.main(ForkedBooter.java:121)
]]>
    </error>
  </testcase> <!-- setUp -->
  <system-out/>
  <testcase name="verifyUserCanClickSchoolsOrganizationsPageLink" time="22.668" classname="com.fbistech.testcases.TechOnBeamsityPageTest"/>
  <system-out/>
  <testcase name="verifyUserCanClickOnTeachOnBeamsitykLink" time="25.288" classname="com.fbistech.testcases.TechOnBeamsityPageTest"/>
  <system-out/>
  <testcase name="verifyUserCanClickOnContactUsLinks" time="31.851" classname="com.fbistech.testcases.TechOnBeamsityPageTest"/>
  <system-out/>
  <testcase name="verifyUserCanClickOnLoginLink" time="22.780" classname="com.fbistech.testcases.TechOnBeamsityPageTest"/>
  <system-out/>
  <testcase name="verifyUserCanclickOnPartnerWithUsLink" time="18.611" classname="com.fbistech.testcases.TechOnBeamsityPageTest"/>
  <system-out/>
  <testcase name="verifyUserCanClickOnGetStartedLink" time="30.050" classname="com.fbistech.testcases.TechOnBeamsityPageTest"/>
  <system-out/>
  <testcase name="verifyUserCanClickOnAboutUsLink" time="37.951" classname="com.fbistech.testcases.TechOnBeamsityPageTest"/>
  <system-out/>
  <testcase name="verifyUserCanClickOnPrivacyPolicyLink" time="14.289" classname="com.fbistech.testcases.TechOnBeamsityPageTest"/>
  <system-out/>
  <testcase name="verifyUserIsRedirectedToGoogleMapNavigation_ClickOnContactAddressLink" time="0.000" classname="com.fbistech.testcases.TechOnBeamsityPageTest">
    <skipped/>
  </testcase> <!-- verifyUserIsRedirectedToGoogleMapNavigation_ClickOnContactAddressLink -->
  <system-out/>
  <testcase name="verifyUserCanSignUpToMailingList" time="0.000" classname="com.fbistech.testcases.TechOnBeamsityPageTest">
    <skipped/>
  </testcase> <!-- verifyUserCanSignUpToMailingList -->
  <system-out/>
  <testcase name="verifyUserCannotSignUpToMailingListWithEmail_WithOutDotCom" time="0.000" classname="com.fbistech.testcases.TechOnBeamsityPageTest">
    <skipped/>
  </testcase> <!-- verifyUserCannotSignUpToMailingListWithEmail_WithOutDotCom -->
  <system-out/>
  <testcase name="verifyUserCannotSignUpToMailingListWithEmail_WithoutATgmail" time="0.000" classname="com.fbistech.testcases.TechOnBeamsityPageTest">
    <skipped/>
  </testcase> <!-- verifyUserCannotSignUpToMailingListWithEmail_WithoutATgmail -->
  <system-out/>
  <testcase name="verifyUserCannotSignUpToMailingListWith_PhoneNumber" time="0.000" classname="com.fbistech.testcases.TechOnBeamsityPageTest">
    <skipped/>
  </testcase> <!-- verifyUserCannotSignUpToMailingListWith_PhoneNumber -->
  <system-out/>
  <testcase name="verify_SUCCESS_IsPromptedWhenUserSuccessfullySignUpToMailingListWithValidEmail" time="0.000" classname="com.fbistech.testcases.TechOnBeamsityPageTest">
    <skipped/>
  </testcase> <!-- verify_SUCCESS_IsPromptedWhenUserSuccessfullySignUpToMailingListWithValidEmail -->
  <system-out/>
  <testcase name="verify_InvalidEmailAddress_IsPromptedWhenUserAttemptedToSignUpToMailingListWithInvalidEmail" time="0.000" classname="com.fbistech.testcases.TechOnBeamsityPageTest">
    <skipped/>
  </testcase> <!-- verify_InvalidEmailAddress_IsPromptedWhenUserAttemptedToSignUpToMailingListWithInvalidEmail -->
  <system-out/>
  <testcase name="verifyUserCanInstallBeamsityApp" time="0.000" classname="com.fbistech.testcases.TechOnBeamsityPageTest">
    <skipped/>
  </testcase> <!-- verifyUserCanInstallBeamsityApp -->
  <system-out/>
  <testcase name="verifyUserCanClickOnContactUsEmail" time="0.000" classname="com.fbistech.testcases.TechOnBeamsityPageTest">
    <skipped/>
  </testcase> <!-- verifyUserCanClickOnContactUsEmail -->
  <system-out/>
</testsuite> <!-- com.fbistech.testcases.TechOnBeamsityPageTest -->
